#-----------------------------------------------------------
# Vivado v2018.2 (64-bit)
# SW Build 2258646 on Thu Jun 14 20:03:12 MDT 2018
# IP Build 2256618 on Thu Jun 14 22:10:49 MDT 2018
# Start of session at: Sat Dec 12 17:34:41 2020
# Process ID: 5456
# Current directory: D:/Facultate/SSC_Proiect/SSC_ESP32
# Command line: vivado.exe -gui_launcher_event rodinguilauncherevent7768 D:\Facultate\SSC_Proiect\SSC_ESP32\SSC_ESP32.xpr
# Log file: D:/Facultate/SSC_Proiect/SSC_ESP32/vivado.log
# Journal file: D:/Facultate/SSC_Proiect/SSC_ESP32\vivado.jou
#-----------------------------------------------------------
start_gui
open_project D:/Facultate/SSC_Proiect/SSC_ESP32/SSC_ESP32.xpr
Scanning sources...
Finished scanning sources
INFO: [IP_Flow 19-234] Refreshing IP repositories
INFO: [IP_Flow 19-1700] Loaded user IP repository 'd:/Facultate/SSC_Proiect/vivado-library-2018.2-2.1'.
INFO: [IP_Flow 19-2313] Loaded Vivado IP repository 'D:/Xilinx/Vivado/2018.2/data/ip'.
open_project: Time (s): cpu = 00:00:27 ; elapsed = 00:00:21 . Memory (MB): peak = 965.578 ; gain = 230.652
update_compile_order -fileset sources_1
launch_sdk -workspace D:/Facultate/SSC_Proiect/SSC_ESP32/SSC_ESP32.sdk -hwspec D:/Facultate/SSC_Proiect/SSC_ESP32/SSC_ESP32.sdk/design_1_wrapper.hdf
INFO: [Vivado 12-393] Launching SDK...
INFO: [Vivado 12-417] Running xsdk -workspace D:/Facultate/SSC_Proiect/SSC_ESP32/SSC_ESP32.sdk -hwspec D:/Facultate/SSC_Proiect/SSC_ESP32/SSC_ESP32.sdk/design_1_wrapper.hdf
INFO: [Vivado 12-3157] SDK launch initiated. Please check console for any further messages.
launch_sdk -workspace D:/Facultate/SSC_Proiect/SSC_ESP32/SSC_ESP32.sdk -hwspec D:/Facultate/SSC_Proiect/SSC_ESP32/SSC_ESP32.sdk/design_1_wrapper.hdf
INFO: [Vivado 12-393] Launching SDK...
INFO: [Vivado 12-417] Running xsdk -workspace D:/Facultate/SSC_Proiect/SSC_ESP32/SSC_ESP32.sdk -hwspec D:/Facultate/SSC_Proiect/SSC_ESP32/SSC_ESP32.sdk/design_1_wrapper.hdf
INFO: [Vivado 12-3157] SDK launch initiated. Please check console for any further messages.
exit
INFO: [Common 17-206] Exiting Vivado at Sun Dec 13 01:15:09 2020...
